{1200: {1: {'data': [[125.70149253731343, 91.11940298507463]],
            'mut': <unlocked _thread.lock object at 0x7f710d8fafc0>},
        3: {'data': [[210.55384615384617, 195.1076923076923]],
            'mut': <unlocked _thread.lock object at 0x7f710d8caa20>},
        5: {'data': [[268.3333333333333, 285.0571428571427]],
            'mut': <unlocked _thread.lock object at 0x7f710d8cae10>},
        7: {'data': [[307.0, 311.0115207373272]],
            'mut': <unlocked _thread.lock object at 0x7f710d8ca7e0>}}}
---------------------
{1200: {1: {'data': [[125.70149253731343, 91.11940298507463],
                     [73.24137931034483, 62.91379310344828]],
            'mut': <unlocked _thread.lock object at 0x7f710d8fafc0>},
        3: {'data': [[210.55384615384617, 195.1076923076923],
                     [110.53703703703704, 123.20987654320987]],
            'mut': <unlocked _thread.lock object at 0x7f710d8caa20>},
        5: {'data': [[268.3333333333333, 285.0571428571427],
                     [136.59615384615384, 150.9798076923077]],
            'mut': <unlocked _thread.lock object at 0x7f710d8cae10>},
        7: {'data': [[307.0, 311.0115207373272],
                     [158.10204081632654, 174.19591836734693]],
            'mut': <unlocked _thread.lock object at 0x7f710d8ca7e0>}}}
---------------------
{1200: {1: {'data': [[125.70149253731343, 91.11940298507463],
                     [73.24137931034483, 62.91379310344828],
                     [146.44230769230768, 122.63461538461539]],
            'mut': <unlocked _thread.lock object at 0x7f710d8fafc0>},
        3: {'data': [[210.55384615384617, 195.1076923076923],
                     [110.53703703703704, 123.20987654320987],
                     [187.04, 183.41999999999996]],
            'mut': <unlocked _thread.lock object at 0x7f710d8caa20>},
        5: {'data': [[268.3333333333333, 285.0571428571427],
                     [136.59615384615384, 150.9798076923077],
                     [208.77083333333334, 226.43750000000003]],
            'mut': <unlocked _thread.lock object at 0x7f710d8cae10>},
        7: {'data': [[307.0, 311.0115207373272],
                     [158.10204081632654, 174.19591836734693],
                     [249.80434782608697, 272.8633540372671]],
            'mut': <unlocked _thread.lock object at 0x7f710d8ca7e0>}}}
---------------------
{1200: {1: {'data': [[125.70149253731343, 91.11940298507463],
                     [73.24137931034483, 62.91379310344828],
                     [146.44230769230768, 122.63461538461539],
                     [138.0084745762712, 111.92372881355932]],
            'mut': <unlocked _thread.lock object at 0x7f710d8fafc0>},
        3: {'data': [[210.55384615384617, 195.1076923076923],
                     [110.53703703703704, 123.20987654320987],
                     [187.04, 183.41999999999996],
                     [172.95689655172413, 162.55459770114945]],
            'mut': <unlocked _thread.lock object at 0x7f710d8caa20>},
        5: {'data': [[268.3333333333333, 285.0571428571427],
                     [136.59615384615384, 150.9798076923077],
                     [208.77083333333334, 226.43750000000003],
                     [226.15652173913043, 227.93681159420294]],
            'mut': <unlocked _thread.lock object at 0x7f710d8cae10>},
        7: {'data': [[307.0, 311.0115207373272],
                     [158.10204081632654, 174.19591836734693],
                     [249.80434782608697, 272.8633540372671],
                     [291.75221238938053, 286.9562157606406]],
            'mut': <unlocked _thread.lock object at 0x7f710d8ca7e0>}}}
---------------------
{1200: {1: {'data': [[125.70149253731343, 91.11940298507463],
                     [73.24137931034483, 62.91379310344828],
                     [146.44230769230768, 122.63461538461539],
                     [138.0084745762712, 111.92372881355932],
                     [88.92307692307692, 74.41025641025641]],
            'mut': <unlocked _thread.lock object at 0x7f710d8fafc0>},
        3: {'data': [[210.55384615384617, 195.1076923076923],
                     [110.53703703703704, 123.20987654320987],
                     [187.04, 183.41999999999996],
                     [172.95689655172413, 162.55459770114945],
                     [200.02702702702703, 199.02702702702703]],
            'mut': <unlocked _thread.lock object at 0x7f710d8caa20>},
        5: {'data': [[268.3333333333333, 285.0571428571427],
                     [136.59615384615384, 150.9798076923077],
                     [208.77083333333334, 226.43750000000003],
                     [226.15652173913043, 227.93681159420294],
                     [323.57142857142856, 340.67428571428576]],
            'mut': <unlocked _thread.lock object at 0x7f710d8cae10>},
        7: {'data': [[307.0, 311.0115207373272],
                     [158.10204081632654, 174.19591836734693],
                     [249.80434782608697, 272.8633540372671],
                     [291.75221238938053, 286.9562157606406],
                     [450.6666666666667, 478.19191919191917]],
            'mut': <unlocked _thread.lock object at 0x7f710d8ca7e0>}}}
---------------------
{1200: {1: {'data': [[125.70149253731343, 91.11940298507463],
                     [73.24137931034483, 62.91379310344828],
                     [146.44230769230768, 122.63461538461539],
                     [138.0084745762712, 111.92372881355932],
                     [88.92307692307692, 74.41025641025641],
                     [46.48888888888889, 28.2]],
            'mut': <unlocked _thread.lock object at 0x7f710d8fafc0>},
        3: {'data': [[210.55384615384617, 195.1076923076923],
                     [110.53703703703704, 123.20987654320987],
                     [187.04, 183.41999999999996],
                     [172.95689655172413, 162.55459770114945],
                     [200.02702702702703, 199.02702702702703],
                     [77.37209302325581, 92.75193798449612]],
            'mut': <unlocked _thread.lock object at 0x7f710d8caa20>},
        5: {'data': [[268.3333333333333, 285.0571428571427],
                     [136.59615384615384, 150.9798076923077],
                     [208.77083333333334, 226.43750000000003],
                     [226.15652173913043, 227.93681159420294],
                     [323.57142857142856, 340.67428571428576],
                     [97.48780487804878, 113.44878048780487]],
            'mut': <unlocked _thread.lock object at 0x7f710d8cae10>},
        7: {'data': [[307.0, 311.0115207373272],
                     [158.10204081632654, 174.19591836734693],
                     [249.80434782608697, 272.8633540372671],
                     [291.75221238938053, 286.9562157606406],
                     [450.6666666666667, 478.19191919191917],
                     [95.92307692307692, 113.2051282051282]],
            'mut': <unlocked _thread.lock object at 0x7f710d8ca7e0>}}}
---------------------
{1200: {1: {'data': [[125.70149253731343, 91.11940298507463],
                     [73.24137931034483, 62.91379310344828],
                     [146.44230769230768, 122.63461538461539],
                     [138.0084745762712, 111.92372881355932],
                     [88.92307692307692, 74.41025641025641],
                     [46.48888888888889, 28.2],
                     [127.20370370370371, 101.83333333333333]],
            'mut': <unlocked _thread.lock object at 0x7f710d8fafc0>},
        3: {'data': [[210.55384615384617, 195.1076923076923],
                     [110.53703703703704, 123.20987654320987],
                     [187.04, 183.41999999999996],
                     [172.95689655172413, 162.55459770114945],
                     [200.02702702702703, 199.02702702702703],
                     [77.37209302325581, 92.75193798449612],
                     [188.75, 190.25641025641028]],
            'mut': <unlocked _thread.lock object at 0x7f710d8caa20>},
        5: {'data': [[268.3333333333333, 285.0571428571427],
                     [136.59615384615384, 150.9798076923077],
                     [208.77083333333334, 226.43750000000003],
                     [226.15652173913043, 227.93681159420294],
                     [323.57142857142856, 340.67428571428576],
                     [97.48780487804878, 113.44878048780487],
                     [245.69387755102042, 239.2513605442177]],
            'mut': <unlocked _thread.lock object at 0x7f710d8cae10>},
        7: {'data': [[307.0, 311.0115207373272],
                     [158.10204081632654, 174.19591836734693],
                     [249.80434782608697, 272.8633540372671],
                     [291.75221238938053, 286.9562157606406],
                     [450.6666666666667, 478.19191919191917],
                     [95.92307692307692, 113.2051282051282],
                     [330.5208333333333, 291.7274305555556]],
            'mut': <unlocked _thread.lock object at 0x7f710d8ca7e0>}}}
---------------------
{1200: {1: {'data': [[125.70149253731343, 91.11940298507463],
                     [73.24137931034483, 62.91379310344828],
                     [146.44230769230768, 122.63461538461539],
                     [138.0084745762712, 111.92372881355932],
                     [88.92307692307692, 74.41025641025641],
                     [46.48888888888889, 28.2],
                     [127.20370370370371, 101.83333333333333],
                     [88.52380952380952, 84.16666666666667]],
            'mut': <unlocked _thread.lock object at 0x7f710d8fafc0>},
        3: {'data': [[210.55384615384617, 195.1076923076923],
                     [110.53703703703704, 123.20987654320987],
                     [187.04, 183.41999999999996],
                     [172.95689655172413, 162.55459770114945],
                     [200.02702702702703, 199.02702702702703],
                     [77.37209302325581, 92.75193798449612],
                     [188.75, 190.25641025641028],
                     [104.90243902439025, 82.9430894308943]],
            'mut': <unlocked _thread.lock object at 0x7f710d8caa20>},
        5: {'data': [[268.3333333333333, 285.0571428571427],
                     [136.59615384615384, 150.9798076923077],
                     [208.77083333333334, 226.43750000000003],
                     [226.15652173913043, 227.93681159420294],
                     [323.57142857142856, 340.67428571428576],
                     [97.48780487804878, 113.44878048780487],
                     [245.69387755102042, 239.2513605442177],
                     [145.5, 124.05999999999997]],
            'mut': <unlocked _thread.lock object at 0x7f710d8cae10>},
        7: {'data': [[307.0, 311.0115207373272],
                     [158.10204081632654, 174.19591836734693],
                     [249.80434782608697, 272.8633540372671],
                     [291.75221238938053, 286.9562157606406],
                     [450.6666666666667, 478.19191919191917],
                     [95.92307692307692, 113.2051282051282],
                     [330.5208333333333, 291.7274305555556],
                     [180.0, 152.4624060150376]],
            'mut': <unlocked _thread.lock object at 0x7f710d8ca7e0>}}}
---------------------
{1200: {1: {'data': [[125.70149253731343, 91.11940298507463],
                     [73.24137931034483, 62.91379310344828],
                     [146.44230769230768, 122.63461538461539],
                     [138.0084745762712, 111.92372881355932],
                     [88.92307692307692, 74.41025641025641],
                     [46.48888888888889, 28.2],
                     [127.20370370370371, 101.83333333333333],
                     [88.52380952380952, 84.16666666666667],
                     [65.34782608695652, 48.26086956521739]],
            'mut': <unlocked _thread.lock object at 0x7f710d8fafc0>},
        3: {'data': [[210.55384615384617, 195.1076923076923],
                     [110.53703703703704, 123.20987654320987],
                     [187.04, 183.41999999999996],
                     [172.95689655172413, 162.55459770114945],
                     [200.02702702702703, 199.02702702702703],
                     [77.37209302325581, 92.75193798449612],
                     [188.75, 190.25641025641028],
                     [104.90243902439025, 82.9430894308943],
                     [101.01098901098901, 87.21428571428575]],
            'mut': <unlocked _thread.lock object at 0x7f710d8caa20>},
        5: {'data': [[268.3333333333333, 285.0571428571427],
                     [136.59615384615384, 150.9798076923077],
                     [208.77083333333334, 226.43750000000003],
                     [226.15652173913043, 227.93681159420294],
                     [323.57142857142856, 340.67428571428576],
                     [97.48780487804878, 113.44878048780487],
                     [245.69387755102042, 239.2513605442177],
                     [145.5, 124.05999999999997],
                     [116.9, 114.08999999999996]],
            'mut': <unlocked _thread.lock object at 0x7f710d8cae10>},
        7: {'data': [[307.0, 311.0115207373272],
                     [158.10204081632654, 174.19591836734693],
                     [249.80434782608697, 272.8633540372671],
                     [291.75221238938053, 286.9562157606406],
                     [450.6666666666667, 478.19191919191917],
                     [95.92307692307692, 113.2051282051282],
                     [330.5208333333333, 291.7274305555556],
                     [180.0, 152.4624060150376],
                     [148.8409090909091, 149.4706168831169]],
            'mut': <unlocked _thread.lock object at 0x7f710d8ca7e0>}}}
---------------------
{1200: {1: {'data': [[125.70149253731343, 91.11940298507463],
                     [73.24137931034483, 62.91379310344828],
                     [146.44230769230768, 122.63461538461539],
                     [138.0084745762712, 111.92372881355932],
                     [88.92307692307692, 74.41025641025641],
                     [46.48888888888889, 28.2],
                     [127.20370370370371, 101.83333333333333],
                     [88.52380952380952, 84.16666666666667],
                     [65.34782608695652, 48.26086956521739],
                     [46.25, 39.875]],
            'mut': <unlocked _thread.lock object at 0x7f710d8fafc0>},
        3: {'data': [[210.55384615384617, 195.1076923076923],
                     [110.53703703703704, 123.20987654320987],
                     [187.04, 183.41999999999996],
                     [172.95689655172413, 162.55459770114945],
                     [200.02702702702703, 199.02702702702703],
                     [77.37209302325581, 92.75193798449612],
                     [188.75, 190.25641025641028],
                     [104.90243902439025, 82.9430894308943],
                     [101.01098901098901, 87.21428571428575],
                     [38.333333333333336, 43.888888888888886]],
            'mut': <unlocked _thread.lock object at 0x7f710d8caa20>},
        5: {'data': [[268.3333333333333, 285.0571428571427],
                     [136.59615384615384, 150.9798076923077],
                     [208.77083333333334, 226.43750000000003],
                     [226.15652173913043, 227.93681159420294],
                     [323.57142857142856, 340.67428571428576],
                     [97.48780487804878, 113.44878048780487],
                     [245.69387755102042, 239.2513605442177],
                     [145.5, 124.05999999999997],
                     [116.9, 114.08999999999996],
                     [48.0, 44.6]],
            'mut': <unlocked _thread.lock object at 0x7f710d8cae10>},
        7: {'data': [[307.0, 311.0115207373272],
                     [158.10204081632654, 174.19591836734693],
                     [249.80434782608697, 272.8633540372671],
                     [291.75221238938053, 286.9562157606406],
                     [450.6666666666667, 478.19191919191917],
                     [95.92307692307692, 113.2051282051282],
                     [330.5208333333333, 291.7274305555556],
                     [180.0, 152.4624060150376],
                     [148.8409090909091, 149.4706168831169]],
            'mut': <unlocked _thread.lock object at 0x7f710d8ca7e0>}}}
---------------------
{1200: {1: {'data': [[125.70149253731343, 91.11940298507463],
                     [73.24137931034483, 62.91379310344828],
                     [146.44230769230768, 122.63461538461539],
                     [138.0084745762712, 111.92372881355932],
                     [88.92307692307692, 74.41025641025641],
                     [46.48888888888889, 28.2],
                     [127.20370370370371, 101.83333333333333],
                     [88.52380952380952, 84.16666666666667],
                     [65.34782608695652, 48.26086956521739],
                     [46.25, 39.875],
                     [72.63636363636364, 58.54545454545455]],
            'mut': <unlocked _thread.lock object at 0x7f710d8fafc0>},
        3: {'data': [[210.55384615384617, 195.1076923076923],
                     [110.53703703703704, 123.20987654320987],
                     [187.04, 183.41999999999996],
                     [172.95689655172413, 162.55459770114945],
                     [200.02702702702703, 199.02702702702703],
                     [77.37209302325581, 92.75193798449612],
                     [188.75, 190.25641025641028],
                     [104.90243902439025, 82.9430894308943],
                     [101.01098901098901, 87.21428571428575],
                     [38.333333333333336, 43.888888888888886],
                     [139.11111111111111, 136.18518518518516]],
            'mut': <unlocked _thread.lock object at 0x7f710d8caa20>},
        5: {'data': [[268.3333333333333, 285.0571428571427],
                     [136.59615384615384, 150.9798076923077],
                     [208.77083333333334, 226.43750000000003],
                     [226.15652173913043, 227.93681159420294],
                     [323.57142857142856, 340.67428571428576],
                     [97.48780487804878, 113.44878048780487],
                     [245.69387755102042, 239.2513605442177],
                     [145.5, 124.05999999999997],
                     [116.9, 114.08999999999996],
                     [48.0, 44.6],
                     [160.42857142857142, 167.11428571428573]],
            'mut': <unlocked _thread.lock object at 0x7f710d8cae10>},
        7: {'data': [[307.0, 311.0115207373272],
                     [158.10204081632654, 174.19591836734693],
                     [249.80434782608697, 272.8633540372671],
                     [291.75221238938053, 286.9562157606406],
                     [450.6666666666667, 478.19191919191917],
                     [95.92307692307692, 113.2051282051282],
                     [330.5208333333333, 291.7274305555556],
                     [180.0, 152.4624060150376],
                     [148.8409090909091, 149.4706168831169],
                     [219.0, 224.54285714285714]],
            'mut': <unlocked _thread.lock object at 0x7f710d8ca7e0>}}}
---------------------
{1200: {1: {'data': [[125.70149253731343, 91.11940298507463],
                     [73.24137931034483, 62.91379310344828],
                     [146.44230769230768, 122.63461538461539],
                     [138.0084745762712, 111.92372881355932],
                     [88.92307692307692, 74.41025641025641],
                     [46.48888888888889, 28.2],
                     [127.20370370370371, 101.83333333333333],
                     [88.52380952380952, 84.16666666666667],
                     [65.34782608695652, 48.26086956521739],
                     [46.25, 39.875],
                     [72.63636363636364, 58.54545454545455],
                     [60.53061224489796, 33.02040816326531]],
            'mut': <unlocked _thread.lock object at 0x7f710d8fafc0>},
        3: {'data': [[210.55384615384617, 195.1076923076923],
                     [110.53703703703704, 123.20987654320987],
                     [187.04, 183.41999999999996],
                     [172.95689655172413, 162.55459770114945],
                     [200.02702702702703, 199.02702702702703],
                     [77.37209302325581, 92.75193798449612],
                     [188.75, 190.25641025641028],
                     [104.90243902439025, 82.9430894308943],
                     [101.01098901098901, 87.21428571428575],
                     [38.333333333333336, 43.888888888888886],
                     [139.11111111111111, 136.18518518518516],
                     [102.0, 76.76804123711338]],
            'mut': <unlocked _thread.lock object at 0x7f710d8caa20>},
        5: {'data': [[268.3333333333333, 285.0571428571427],
                     [136.59615384615384, 150.9798076923077],
                     [208.77083333333334, 226.43750000000003],
                     [226.15652173913043, 227.93681159420294],
                     [323.57142857142856, 340.67428571428576],
                     [97.48780487804878, 113.44878048780487],
                     [245.69387755102042, 239.2513605442177],
                     [145.5, 124.05999999999997],
                     [116.9, 114.08999999999996],
                     [48.0, 44.6],
                     [160.42857142857142, 167.11428571428573],
                     [116.8, 103.97684210526312]],
            'mut': <unlocked _thread.lock object at 0x7f710d8cae10>},
        7: {'data': [[307.0, 311.0115207373272],
                     [158.10204081632654, 174.19591836734693],
                     [249.80434782608697, 272.8633540372671],
                     [291.75221238938053, 286.9562157606406],
                     [450.6666666666667, 478.19191919191917],
                     [95.92307692307692, 113.2051282051282],
                     [330.5208333333333, 291.7274305555556],
                     [180.0, 152.4624060150376],
                     [148.8409090909091, 149.4706168831169],
                     [219.0, 224.54285714285714],
                     [127.74193548387096, 111.72764976958528]],
            'mut': <unlocked _thread.lock object at 0x7f710d8ca7e0>}}}
---------------------
{1200: {1: {'data': [[125.70149253731343, 91.11940298507463],
                     [73.24137931034483, 62.91379310344828],
                     [146.44230769230768, 122.63461538461539],
                     [138.0084745762712, 111.92372881355932],
                     [88.92307692307692, 74.41025641025641],
                     [46.48888888888889, 28.2],
                     [127.20370370370371, 101.83333333333333],
                     [88.52380952380952, 84.16666666666667],
                     [65.34782608695652, 48.26086956521739],
                     [46.25, 39.875],
                     [72.63636363636364, 58.54545454545455],
                     [60.53061224489796, 33.02040816326531],
                     [132.88, 127.46]],
            'mut': <unlocked _thread.lock object at 0x7f710d8fafc0>},
        3: {'data': [[210.55384615384617, 195.1076923076923],
                     [110.53703703703704, 123.20987654320987],
                     [187.04, 183.41999999999996],
                     [172.95689655172413, 162.55459770114945],
                     [200.02702702702703, 199.02702702702703],
                     [77.37209302325581, 92.75193798449612],
                     [188.75, 190.25641025641028],
                     [104.90243902439025, 82.9430894308943],
                     [101.01098901098901, 87.21428571428575],
                     [38.333333333333336, 43.888888888888886],
                     [139.11111111111111, 136.18518518518516],
                     [102.0, 76.76804123711338],
                     [188.22680412371133, 187.2388316151203]],
            'mut': <unlocked _thread.lock object at 0x7f710d8caa20>},
        5: {'data': [[268.3333333333333, 285.0571428571427],
                     [136.59615384615384, 150.9798076923077],
                     [208.77083333333334, 226.43750000000003],
                     [226.15652173913043, 227.93681159420294],
                     [323.57142857142856, 340.67428571428576],
                     [97.48780487804878, 113.44878048780487],
                     [245.69387755102042, 239.2513605442177],
                     [145.5, 124.05999999999997],
                     [116.9, 114.08999999999996],
                     [48.0, 44.6],
                     [160.42857142857142, 167.11428571428573],
                     [116.8, 103.97684210526312],
                     [217.80645161290323, 246.23387096774198]],
            'mut': <unlocked _thread.lock object at 0x7f710d8cae10>},
        7: {'data': [[307.0, 311.0115207373272],
                     [158.10204081632654, 174.19591836734693],
                     [249.80434782608697, 272.8633540372671],
                     [291.75221238938053, 286.9562157606406],
                     [450.6666666666667, 478.19191919191917],
                     [95.92307692307692, 113.2051282051282],
                     [330.5208333333333, 291.7274305555556],
                     [180.0, 152.4624060150376],
                     [148.8409090909091, 149.4706168831169],
                     [219.0, 224.54285714285714],
                     [127.74193548387096, 111.72764976958528],
                     [257.72527472527474, 277.47488226059653]],
            'mut': <unlocked _thread.lock object at 0x7f710d8ca7e0>}}}
---------------------
{1200: {1: {'data': [[125.70149253731343, 91.11940298507463],
                     [73.24137931034483, 62.91379310344828],
                     [146.44230769230768, 122.63461538461539],
                     [138.0084745762712, 111.92372881355932],
                     [88.92307692307692, 74.41025641025641],
                     [46.48888888888889, 28.2],
                     [127.20370370370371, 101.83333333333333],
                     [88.52380952380952, 84.16666666666667],
                     [65.34782608695652, 48.26086956521739],
                     [46.25, 39.875],
                     [72.63636363636364, 58.54545454545455],
                     [60.53061224489796, 33.02040816326531],
                     [132.88, 127.46],
                     [27.142857142857142, 21.571428571428573]],
            'mut': <unlocked _thread.lock object at 0x7f710d8fafc0>},
        3: {'data': [[210.55384615384617, 195.1076923076923],
                     [110.53703703703704, 123.20987654320987],
                     [187.04, 183.41999999999996],
                     [172.95689655172413, 162.55459770114945],
                     [200.02702702702703, 199.02702702702703],
                     [77.37209302325581, 92.75193798449612],
                     [188.75, 190.25641025641028],
                     [104.90243902439025, 82.9430894308943],
                     [101.01098901098901, 87.21428571428575],
                     [38.333333333333336, 43.888888888888886],
                     [139.11111111111111, 136.18518518518516],
                     [102.0, 76.76804123711338],
                     [188.22680412371133, 187.2388316151203],
                     [43.4, 40.93333333333334]],
            'mut': <unlocked _thread.lock object at 0x7f710d8caa20>},
        5: {'data': [[268.3333333333333, 285.0571428571427],
                     [136.59615384615384, 150.9798076923077],
                     [208.77083333333334, 226.43750000000003],
                     [226.15652173913043, 227.93681159420294],
                     [323.57142857142856, 340.67428571428576],
                     [97.48780487804878, 113.44878048780487],
                     [245.69387755102042, 239.2513605442177],
                     [145.5, 124.05999999999997],
                     [116.9, 114.08999999999996],
                     [48.0, 44.6],
                     [160.42857142857142, 167.11428571428573],
                     [116.8, 103.97684210526312],
                     [217.80645161290323, 246.23387096774198],
                     [65.0, 61.86666666666667]],
            'mut': <unlocked _thread.lock object at 0x7f710d8cae10>},
        7: {'data': [[307.0, 311.0115207373272],
                     [158.10204081632654, 174.19591836734693],
                     [249.80434782608697, 272.8633540372671],
                     [291.75221238938053, 286.9562157606406],
                     [450.6666666666667, 478.19191919191917],
                     [95.92307692307692, 113.2051282051282],
                     [330.5208333333333, 291.7274305555556],
                     [180.0, 152.4624060150376],
                     [148.8409090909091, 149.4706168831169],
                     [219.0, 224.54285714285714],
                     [127.74193548387096, 111.72764976958528],
                     [257.72527472527474, 277.47488226059653]],
            'mut': <unlocked _thread.lock object at 0x7f710d8ca7e0>}}}
---------------------
{1200: {1: {'data': [[125.70149253731343, 91.11940298507463],
                     [73.24137931034483, 62.91379310344828],
                     [146.44230769230768, 122.63461538461539],
                     [138.0084745762712, 111.92372881355932],
                     [88.92307692307692, 74.41025641025641],
                     [46.48888888888889, 28.2],
                     [127.20370370370371, 101.83333333333333],
                     [88.52380952380952, 84.16666666666667],
                     [65.34782608695652, 48.26086956521739],
                     [46.25, 39.875],
                     [72.63636363636364, 58.54545454545455],
                     [60.53061224489796, 33.02040816326531],
                     [132.88, 127.46],
                     [27.142857142857142, 21.571428571428573],
                     [51.92307692307692, 40.38461538461539]],
            'mut': <unlocked _thread.lock object at 0x7f710d8fafc0>},
        3: {'data': [[210.55384615384617, 195.1076923076923],
                     [110.53703703703704, 123.20987654320987],
                     [187.04, 183.41999999999996],
                     [172.95689655172413, 162.55459770114945],
                     [200.02702702702703, 199.02702702702703],
                     [77.37209302325581, 92.75193798449612],
                     [188.75, 190.25641025641028],
                     [104.90243902439025, 82.9430894308943],
                     [101.01098901098901, 87.21428571428575],
                     [38.333333333333336, 43.888888888888886],
                     [139.11111111111111, 136.18518518518516],
                     [102.0, 76.76804123711338],
                     [188.22680412371133, 187.2388316151203],
                     [43.4, 40.93333333333334],
                     [56.09090909090909, 56.212121212121204]],
            'mut': <unlocked _thread.lock object at 0x7f710d8caa20>},
        5: {'data': [[268.3333333333333, 285.0571428571427],
                     [136.59615384615384, 150.9798076923077],
                     [208.77083333333334, 226.43750000000003],
                     [226.15652173913043, 227.93681159420294],
                     [323.57142857142856, 340.67428571428576],
                     [97.48780487804878, 113.44878048780487],
                     [245.69387755102042, 239.2513605442177],
                     [145.5, 124.05999999999997],
                     [116.9, 114.08999999999996],
                     [48.0, 44.6],
                     [160.42857142857142, 167.11428571428573],
                     [116.8, 103.97684210526312],
                     [217.80645161290323, 246.23387096774198],
                     [65.0, 61.86666666666667],
                     [84.33333333333333, 76.91111111111111]],
            'mut': <unlocked _thread.lock object at 0x7f710d8cae10>},
        7: {'data': [[307.0, 311.0115207373272],
                     [158.10204081632654, 174.19591836734693],
                     [249.80434782608697, 272.8633540372671],
                     [291.75221238938053, 286.9562157606406],
                     [450.6666666666667, 478.19191919191917],
                     [95.92307692307692, 113.2051282051282],
                     [330.5208333333333, 291.7274305555556],
                     [180.0, 152.4624060150376],
                     [148.8409090909091, 149.4706168831169],
                     [219.0, 224.54285714285714],
                     [127.74193548387096, 111.72764976958528],
                     [257.72527472527474, 277.47488226059653],
                     [123.85714285714286, 119.6938775510204]],
            'mut': <unlocked _thread.lock object at 0x7f710d8ca7e0>}}}
---------------------
{1200: {1: {'data': [[125.70149253731343, 91.11940298507463],
                     [73.24137931034483, 62.91379310344828],
                     [146.44230769230768, 122.63461538461539],
                     [138.0084745762712, 111.92372881355932],
                     [88.92307692307692, 74.41025641025641],
                     [46.48888888888889, 28.2],
                     [127.20370370370371, 101.83333333333333],
                     [88.52380952380952, 84.16666666666667],
                     [65.34782608695652, 48.26086956521739],
                     [46.25, 39.875],
                     [72.63636363636364, 58.54545454545455],
                     [60.53061224489796, 33.02040816326531],
                     [132.88, 127.46],
                     [27.142857142857142, 21.571428571428573],
                     [51.92307692307692, 40.38461538461539],
                     [60.69230769230769, 51.0]],
            'mut': <unlocked _thread.lock object at 0x7f710d8fafc0>},
        3: {'data': [[210.55384615384617, 195.1076923076923],
                     [110.53703703703704, 123.20987654320987],
                     [187.04, 183.41999999999996],
                     [172.95689655172413, 162.55459770114945],
                     [200.02702702702703, 199.02702702702703],
                     [77.37209302325581, 92.75193798449612],
                     [188.75, 190.25641025641028],
                     [104.90243902439025, 82.9430894308943],
                     [101.01098901098901, 87.21428571428575],
                     [38.333333333333336, 43.888888888888886],
                     [139.11111111111111, 136.18518518518516],
                     [102.0, 76.76804123711338],
                     [188.22680412371133, 187.2388316151203],
                     [43.4, 40.93333333333334],
                     [56.09090909090909, 56.212121212121204],
                     [69.0909090909091, 68.06060606060606]],
            'mut': <unlocked _thread.lock object at 0x7f710d8caa20>},
        5: {'data': [[268.3333333333333, 285.0571428571427],
                     [136.59615384615384, 150.9798076923077],
                     [208.77083333333334, 226.43750000000003],
                     [226.15652173913043, 227.93681159420294],
                     [323.57142857142856, 340.67428571428576],
                     [97.48780487804878, 113.44878048780487],
                     [245.69387755102042, 239.2513605442177],
                     [145.5, 124.05999999999997],
                     [116.9, 114.08999999999996],
                     [48.0, 44.6],
                     [160.42857142857142, 167.11428571428573],
                     [116.8, 103.97684210526312],
                     [217.80645161290323, 246.23387096774198],
                     [65.0, 61.86666666666667],
                     [84.33333333333333, 76.91111111111111],
                     [97.22222222222223, 97.0]],
            'mut': <unlocked _thread.lock object at 0x7f710d8cae10>},
        7: {'data': [[307.0, 311.0115207373272],
                     [158.10204081632654, 174.19591836734693],
                     [249.80434782608697, 272.8633540372671],
                     [291.75221238938053, 286.9562157606406],
                     [450.6666666666667, 478.19191919191917],
                     [95.92307692307692, 113.2051282051282],
                     [330.5208333333333, 291.7274305555556],
                     [180.0, 152.4624060150376],
                     [148.8409090909091, 149.4706168831169],
                     [219.0, 224.54285714285714],
                     [127.74193548387096, 111.72764976958528],
                     [257.72527472527474, 277.47488226059653],
                     [123.85714285714286, 119.6938775510204],
                     [111.85714285714286, 124.16326530612248]],
            'mut': <unlocked _thread.lock object at 0x7f710d8ca7e0>}}}
---------------------
{1200: {1: {'data': [[125.70149253731343, 91.11940298507463],
                     [73.24137931034483, 62.91379310344828],
                     [146.44230769230768, 122.63461538461539],
                     [138.0084745762712, 111.92372881355932],
                     [88.92307692307692, 74.41025641025641],
                     [46.48888888888889, 28.2],
                     [127.20370370370371, 101.83333333333333],
                     [88.52380952380952, 84.16666666666667],
                     [65.34782608695652, 48.26086956521739],
                     [46.25, 39.875],
                     [72.63636363636364, 58.54545454545455],
                     [60.53061224489796, 33.02040816326531],
                     [132.88, 127.46],
                     [27.142857142857142, 21.571428571428573],
                     [51.92307692307692, 40.38461538461539],
                     [60.69230769230769, 51.0],
                     [126.04545454545455, 100.81818181818181]],
            'mut': <unlocked _thread.lock object at 0x7f710d8fafc0>},
        3: {'data': [[210.55384615384617, 195.1076923076923],
                     [110.53703703703704, 123.20987654320987],
                     [187.04, 183.41999999999996],
                     [172.95689655172413, 162.55459770114945],
                     [200.02702702702703, 199.02702702702703],
                     [77.37209302325581, 92.75193798449612],
                     [188.75, 190.25641025641028],
                     [104.90243902439025, 82.9430894308943],
                     [101.01098901098901, 87.21428571428575],
                     [38.333333333333336, 43.888888888888886],
                     [139.11111111111111, 136.18518518518516],
                     [102.0, 76.76804123711338],
                     [188.22680412371133, 187.2388316151203],
                     [43.4, 40.93333333333334],
                     [56.09090909090909, 56.212121212121204],
                     [69.0909090909091, 68.06060606060606],
                     [154.05, 166.61666666666667]],
            'mut': <unlocked _thread.lock object at 0x7f710d8caa20>},
        5: {'data': [[268.3333333333333, 285.0571428571427],
                     [136.59615384615384, 150.9798076923077],
                     [208.77083333333334, 226.43750000000003],
                     [226.15652173913043, 227.93681159420294],
                     [323.57142857142856, 340.67428571428576],
                     [97.48780487804878, 113.44878048780487],
                     [245.69387755102042, 239.2513605442177],
                     [145.5, 124.05999999999997],
                     [116.9, 114.08999999999996],
                     [48.0, 44.6],
                     [160.42857142857142, 167.11428571428573],
                     [116.8, 103.97684210526312],
                     [217.80645161290323, 246.23387096774198],
                     [65.0, 61.86666666666667],
                     [84.33333333333333, 76.91111111111111],
                     [97.22222222222223, 97.0],
                     [191.72222222222223, 216.2111111111111]],
            'mut': <unlocked _thread.lock object at 0x7f710d8cae10>},
        7: {'data': [[307.0, 311.0115207373272],
                     [158.10204081632654, 174.19591836734693],
                     [249.80434782608697, 272.8633540372671],
                     [291.75221238938053, 286.9562157606406],
                     [450.6666666666667, 478.19191919191917],
                     [95.92307692307692, 113.2051282051282],
                     [330.5208333333333, 291.7274305555556],
                     [180.0, 152.4624060150376],
                     [148.8409090909091, 149.4706168831169],
                     [219.0, 224.54285714285714],
                     [127.74193548387096, 111.72764976958528],
                     [257.72527472527474, 277.47488226059653],
                     [123.85714285714286, 119.6938775510204],
                     [111.85714285714286, 124.16326530612248],
                     [209.6875, 244.83035714285717]],
            'mut': <unlocked _thread.lock object at 0x7f710d8ca7e0>}}}
---------------------
{1200: {1: {'data': [[125.70149253731343, 91.11940298507463],
                     [73.24137931034483, 62.91379310344828],
                     [146.44230769230768, 122.63461538461539],
                     [138.0084745762712, 111.92372881355932],
                     [88.92307692307692, 74.41025641025641],
                     [46.48888888888889, 28.2],
                     [127.20370370370371, 101.83333333333333],
                     [88.52380952380952, 84.16666666666667],
                     [65.34782608695652, 48.26086956521739],
                     [46.25, 39.875],
                     [72.63636363636364, 58.54545454545455],
                     [60.53061224489796, 33.02040816326531],
                     [132.88, 127.46],
                     [27.142857142857142, 21.571428571428573],
                     [51.92307692307692, 40.38461538461539],
                     [60.69230769230769, 51.0],
                     [126.04545454545455, 100.81818181818181],
                     [23.555555555555557, 17.27777777777778]],
            'mut': <unlocked _thread.lock object at 0x7f710d8fafc0>},
        3: {'data': [[210.55384615384617, 195.1076923076923],
                     [110.53703703703704, 123.20987654320987],
                     [187.04, 183.41999999999996],
                     [172.95689655172413, 162.55459770114945],
                     [200.02702702702703, 199.02702702702703],
                     [77.37209302325581, 92.75193798449612],
                     [188.75, 190.25641025641028],
                     [104.90243902439025, 82.9430894308943],
                     [101.01098901098901, 87.21428571428575],
                     [38.333333333333336, 43.888888888888886],
                     [139.11111111111111, 136.18518518518516],
                     [102.0, 76.76804123711338],
                     [188.22680412371133, 187.2388316151203],
                     [43.4, 40.93333333333334],
                     [56.09090909090909, 56.212121212121204],
                     [69.0909090909091, 68.06060606060606],
                     [154.05, 166.61666666666667],
                     [54.470588235294116, 39.25490196078432]],
            'mut': <unlocked _thread.lock object at 0x7f710d8caa20>},
        5: {'data': [[268.3333333333333, 285.0571428571427],
                     [136.59615384615384, 150.9798076923077],
                     [208.77083333333334, 226.43750000000003],
                     [226.15652173913043, 227.93681159420294],
                     [323.57142857142856, 340.67428571428576],
                     [97.48780487804878, 113.44878048780487],
                     [245.69387755102042, 239.2513605442177],
                     [145.5, 124.05999999999997],
                     [116.9, 114.08999999999996],
                     [48.0, 44.6],
                     [160.42857142857142, 167.11428571428573],
                     [116.8, 103.97684210526312],
                     [217.80645161290323, 246.23387096774198],
                     [65.0, 61.86666666666667],
                     [84.33333333333333, 76.91111111111111],
                     [97.22222222222223, 97.0],
                     [191.72222222222223, 216.2111111111111],
                     [83.375, 62.575]],
            'mut': <unlocked _thread.lock object at 0x7f710d8cae10>},
        7: {'data': [[307.0, 311.0115207373272],
                     [158.10204081632654, 174.19591836734693],
                     [249.80434782608697, 272.8633540372671],
                     [291.75221238938053, 286.9562157606406],
                     [450.6666666666667, 478.19191919191917],
                     [95.92307692307692, 113.2051282051282],
                     [330.5208333333333, 291.7274305555556],
                     [180.0, 152.4624060150376],
                     [148.8409090909091, 149.4706168831169],
                     [219.0, 224.54285714285714],
                     [127.74193548387096, 111.72764976958528],
                     [257.72527472527474, 277.47488226059653],
                     [123.85714285714286, 119.6938775510204],
                     [111.85714285714286, 124.16326530612248],
                     [209.6875, 244.83035714285717],
                     [101.73333333333333, 96.43333333333334]],
            'mut': <unlocked _thread.lock object at 0x7f710d8ca7e0>}}}
---------------------
{1200: {1: {'data': [[125.70149253731343, 91.11940298507463],
                     [73.24137931034483, 62.91379310344828],
                     [146.44230769230768, 122.63461538461539],
                     [138.0084745762712, 111.92372881355932],
                     [88.92307692307692, 74.41025641025641],
                     [46.48888888888889, 28.2],
                     [127.20370370370371, 101.83333333333333],
                     [88.52380952380952, 84.16666666666667],
                     [65.34782608695652, 48.26086956521739],
                     [46.25, 39.875],
                     [72.63636363636364, 58.54545454545455],
                     [60.53061224489796, 33.02040816326531],
                     [132.88, 127.46],
                     [27.142857142857142, 21.571428571428573],
                     [51.92307692307692, 40.38461538461539],
                     [60.69230769230769, 51.0],
                     [126.04545454545455, 100.81818181818181],
                     [23.555555555555557, 17.27777777777778],
                     [81.25, 69.60416666666667]],
            'mut': <unlocked _thread.lock object at 0x7f710d8fafc0>},
        3: {'data': [[210.55384615384617, 195.1076923076923],
                     [110.53703703703704, 123.20987654320987],
                     [187.04, 183.41999999999996],
                     [172.95689655172413, 162.55459770114945],
                     [200.02702702702703, 199.02702702702703],
                     [77.37209302325581, 92.75193798449612],
                     [188.75, 190.25641025641028],
                     [104.90243902439025, 82.9430894308943],
                     [101.01098901098901, 87.21428571428575],
                     [38.333333333333336, 43.888888888888886],
                     [139.11111111111111, 136.18518518518516],
                     [102.0, 76.76804123711338],
                     [188.22680412371133, 187.2388316151203],
                     [43.4, 40.93333333333334],
                     [56.09090909090909, 56.212121212121204],
                     [69.0909090909091, 68.06060606060606],
                     [154.05, 166.61666666666667],
                     [54.470588235294116, 39.25490196078432],
                     [140.82978723404256, 142.22695035460993]],
            'mut': <unlocked _thread.lock object at 0x7f710d8caa20>},
        5: {'data': [[268.3333333333333, 285.0571428571427],
                     [136.59615384615384, 150.9798076923077],
                     [208.77083333333334, 226.43750000000003],
                     [226.15652173913043, 227.93681159420294],
                     [323.57142857142856, 340.67428571428576],
                     [97.48780487804878, 113.44878048780487],
                     [245.69387755102042, 239.2513605442177],
                     [145.5, 124.05999999999997],
                     [116.9, 114.08999999999996],
                     [48.0, 44.6],
                     [160.42857142857142, 167.11428571428573],
                     [116.8, 103.97684210526312],
                     [217.80645161290323, 246.23387096774198],
                     [65.0, 61.86666666666667],
                     [84.33333333333333, 76.91111111111111],
                     [97.22222222222223, 97.0],
                     [191.72222222222223, 216.2111111111111],
                     [83.375, 62.575],
                     [189.77777777777777, 172.70222222222222]],
            'mut': <unlocked _thread.lock object at 0x7f710d8cae10>},
        7: {'data': [[307.0, 311.0115207373272],
                     [158.10204081632654, 174.19591836734693],
                     [249.80434782608697, 272.8633540372671],
                     [291.75221238938053, 286.9562157606406],
                     [450.6666666666667, 478.19191919191917],
                     [95.92307692307692, 113.2051282051282],
                     [330.5208333333333, 291.7274305555556],
                     [180.0, 152.4624060150376],
                     [148.8409090909091, 149.4706168831169],
                     [219.0, 224.54285714285714],
                     [127.74193548387096, 111.72764976958528],
                     [257.72527472527474, 277.47488226059653],
                     [123.85714285714286, 119.6938775510204],
                     [111.85714285714286, 124.16326530612248],
                     [209.6875, 244.83035714285717],
                     [101.73333333333333, 96.43333333333334],
                     [215.09302325581396, 202.62790697674419]],
            'mut': <unlocked _thread.lock object at 0x7f710d8ca7e0>}}}
---------------------
{1200: {1: {'data': [[125.70149253731343, 91.11940298507463],
                     [73.24137931034483, 62.91379310344828],
                     [146.44230769230768, 122.63461538461539],
                     [138.0084745762712, 111.92372881355932],
                     [88.92307692307692, 74.41025641025641],
                     [46.48888888888889, 28.2],
                     [127.20370370370371, 101.83333333333333],
                     [88.52380952380952, 84.16666666666667],
                     [65.34782608695652, 48.26086956521739],
                     [46.25, 39.875],
                     [72.63636363636364, 58.54545454545455],
                     [60.53061224489796, 33.02040816326531],
                     [132.88, 127.46],
                     [27.142857142857142, 21.571428571428573],
                     [51.92307692307692, 40.38461538461539],
                     [60.69230769230769, 51.0],
                     [126.04545454545455, 100.81818181818181],
                     [23.555555555555557, 17.27777777777778],
                     [81.25, 69.60416666666667],
                     [57.2, 49.4]],
            'mut': <unlocked _thread.lock object at 0x7f710d8fafc0>},
        3: {'data': [[210.55384615384617, 195.1076923076923],
                     [110.53703703703704, 123.20987654320987],
                     [187.04, 183.41999999999996],
                     [172.95689655172413, 162.55459770114945],
                     [200.02702702702703, 199.02702702702703],
                     [77.37209302325581, 92.75193798449612],
                     [188.75, 190.25641025641028],
                     [104.90243902439025, 82.9430894308943],
                     [101.01098901098901, 87.21428571428575],
                     [38.333333333333336, 43.888888888888886],
                     [139.11111111111111, 136.18518518518516],
                     [102.0, 76.76804123711338],
                     [188.22680412371133, 187.2388316151203],
                     [43.4, 40.93333333333334],
                     [56.09090909090909, 56.212121212121204],
                     [69.0909090909091, 68.06060606060606],
                     [154.05, 166.61666666666667],
                     [54.470588235294116, 39.25490196078432],
                     [140.82978723404256, 142.22695035460993],
                     [73.375, 58.50000000000001]],
            'mut': <unlocked _thread.lock object at 0x7f710d8caa20>},
        5: {'data': [[268.3333333333333, 285.0571428571427],
                     [136.59615384615384, 150.9798076923077],
                     [208.77083333333334, 226.43750000000003],
                     [226.15652173913043, 227.93681159420294],
                     [323.57142857142856, 340.67428571428576],
                     [97.48780487804878, 113.44878048780487],
                     [245.69387755102042, 239.2513605442177],
                     [145.5, 124.05999999999997],
                     [116.9, 114.08999999999996],
                     [48.0, 44.6],
                     [160.42857142857142, 167.11428571428573],
                     [116.8, 103.97684210526312],
                     [217.80645161290323, 246.23387096774198],
                     [65.0, 61.86666666666667],
                     [84.33333333333333, 76.91111111111111],
                     [97.22222222222223, 97.0],
                     [191.72222222222223, 216.2111111111111],
                     [83.375, 62.575],
                     [189.77777777777777, 172.70222222222222],
                     [47.166666666666664, 44.43333333333333]],
            'mut': <unlocked _thread.lock object at 0x7f710d8cae10>},
        7: {'data': [[307.0, 311.0115207373272],
                     [158.10204081632654, 174.19591836734693],
                     [249.80434782608697, 272.8633540372671],
                     [291.75221238938053, 286.9562157606406],
                     [450.6666666666667, 478.19191919191917],
                     [95.92307692307692, 113.2051282051282],
                     [330.5208333333333, 291.7274305555556],
                     [180.0, 152.4624060150376],
                     [148.8409090909091, 149.4706168831169],
                     [219.0, 224.54285714285714],
                     [127.74193548387096, 111.72764976958528],
                     [257.72527472527474, 277.47488226059653],
                     [123.85714285714286, 119.6938775510204],
                     [111.85714285714286, 124.16326530612248],
                     [209.6875, 244.83035714285717],
                     [101.73333333333333, 96.43333333333334],
                     [215.09302325581396, 202.62790697674419],
                     [73.5, 69.64285714285714]],
            'mut': <unlocked _thread.lock object at 0x7f710d8ca7e0>}}}
---------------------
The Stockfish process has crashed
